[0.709s] Invoking command in '/home/jack/Documents/TM-Optimized/ros2_ws/src/py_pubsub': PYTHONPATH=/home/jack/Documents/TM-Optimized/ros2_ws/build/py_pubsub/prefix_override:/usr/lib/python3/dist-packages/colcon_core/task/python/colcon_distutils_commands:/home/jack/Documents/TM-Optimized/ros2_ws/install/py_pubsub/lib/python3.10/site-packages:${PYTHONPATH} /usr/bin/python3 -W ignore:setup.py install is deprecated -W ignore:easy_install command is deprecated setup.py egg_info --egg-base ../../build/py_pubsub build --build-base /home/jack/Documents/TM-Optimized/ros2_ws/build/py_pubsub/build install --record /home/jack/Documents/TM-Optimized/ros2_ws/build/py_pubsub/install.log --single-version-externally-managed install_data
[1.052s] running egg_info
[1.053s] writing ../../build/py_pubsub/py_pubsub.egg-info/PKG-INFO
[1.054s] writing dependency_links to ../../build/py_pubsub/py_pubsub.egg-info/dependency_links.txt
[1.055s] writing entry points to ../../build/py_pubsub/py_pubsub.egg-info/entry_points.txt
[1.055s] writing requirements to ../../build/py_pubsub/py_pubsub.egg-info/requires.txt
[1.055s] writing top-level names to ../../build/py_pubsub/py_pubsub.egg-info/top_level.txt
[1.058s] reading manifest file '../../build/py_pubsub/py_pubsub.egg-info/SOURCES.txt'
[1.058s] adding license file 'LICENSE'
[1.060s] writing manifest file '../../build/py_pubsub/py_pubsub.egg-info/SOURCES.txt'
[1.060s] running build
[1.060s] running build_py
[1.061s] running install
[1.061s] running install_lib
[1.063s] running install_data
[1.064s] running install_egg_info
[1.066s] removing '/home/jack/Documents/TM-Optimized/ros2_ws/install/py_pubsub/lib/python3.10/site-packages/py_pubsub-0.0.0-py3.10.egg-info' (and everything under it)
[1.067s] Copying ../../build/py_pubsub/py_pubsub.egg-info to /home/jack/Documents/TM-Optimized/ros2_ws/install/py_pubsub/lib/python3.10/site-packages/py_pubsub-0.0.0-py3.10.egg-info
[1.068s] running install_scripts
[1.093s] Installing listener script to /home/jack/Documents/TM-Optimized/ros2_ws/install/py_pubsub/lib/py_pubsub
[1.094s] Installing talker script to /home/jack/Documents/TM-Optimized/ros2_ws/install/py_pubsub/lib/py_pubsub
[1.094s] writing list of installed files to '/home/jack/Documents/TM-Optimized/ros2_ws/build/py_pubsub/install.log'
[1.133s] Invoked command in '/home/jack/Documents/TM-Optimized/ros2_ws/src/py_pubsub' returned '0': PYTHONPATH=/home/jack/Documents/TM-Optimized/ros2_ws/build/py_pubsub/prefix_override:/usr/lib/python3/dist-packages/colcon_core/task/python/colcon_distutils_commands:/home/jack/Documents/TM-Optimized/ros2_ws/install/py_pubsub/lib/python3.10/site-packages:${PYTHONPATH} /usr/bin/python3 -W ignore:setup.py install is deprecated -W ignore:easy_install command is deprecated setup.py egg_info --egg-base ../../build/py_pubsub build --build-base /home/jack/Documents/TM-Optimized/ros2_ws/build/py_pubsub/build install --record /home/jack/Documents/TM-Optimized/ros2_ws/build/py_pubsub/install.log --single-version-externally-managed install_data
