running egg_info
creating ../../build/data_relay/data_relay.egg-info
writing ../../build/data_relay/data_relay.egg-info/PKG-INFO
writing dependency_links to ../../build/data_relay/data_relay.egg-info/dependency_links.txt
writing entry points to ../../build/data_relay/data_relay.egg-info/entry_points.txt
writing requirements to ../../build/data_relay/data_relay.egg-info/requires.txt
writing top-level names to ../../build/data_relay/data_relay.egg-info/top_level.txt
writing manifest file '../../build/data_relay/data_relay.egg-info/SOURCES.txt'
reading manifest file '../../build/data_relay/data_relay.egg-info/SOURCES.txt'
writing manifest file '../../build/data_relay/data_relay.egg-info/SOURCES.txt'
running build
running build_py
creating /home/jack/Documents/TM-Optimized/ros2_ws/build/data_relay/build
creating /home/jack/Documents/TM-Optimized/ros2_ws/build/data_relay/build/lib
creating /home/jack/Documents/TM-Optimized/ros2_ws/build/data_relay/build/lib/data_relay
copying data_relay/__init__.py -> /home/jack/Documents/TM-Optimized/ros2_ws/build/data_relay/build/lib/data_relay
copying data_relay/relay_data_sub.py -> /home/jack/Documents/TM-Optimized/ros2_ws/build/data_relay/build/lib/data_relay
copying data_relay/relay_data_pub.py -> /home/jack/Documents/TM-Optimized/ros2_ws/build/data_relay/build/lib/data_relay
running install
running install_lib
creating /home/jack/Documents/TM-Optimized/ros2_ws/install/data_relay/lib/python3.10/site-packages/data_relay
copying /home/jack/Documents/TM-Optimized/ros2_ws/build/data_relay/build/lib/data_relay/__init__.py -> /home/jack/Documents/TM-Optimized/ros2_ws/install/data_relay/lib/python3.10/site-packages/data_relay
copying /home/jack/Documents/TM-Optimized/ros2_ws/build/data_relay/build/lib/data_relay/relay_data_sub.py -> /home/jack/Documents/TM-Optimized/ros2_ws/install/data_relay/lib/python3.10/site-packages/data_relay
copying /home/jack/Documents/TM-Optimized/ros2_ws/build/data_relay/build/lib/data_relay/relay_data_pub.py -> /home/jack/Documents/TM-Optimized/ros2_ws/install/data_relay/lib/python3.10/site-packages/data_relay
byte-compiling /home/jack/Documents/TM-Optimized/ros2_ws/install/data_relay/lib/python3.10/site-packages/data_relay/__init__.py to __init__.cpython-310.pyc
byte-compiling /home/jack/Documents/TM-Optimized/ros2_ws/install/data_relay/lib/python3.10/site-packages/data_relay/relay_data_sub.py to relay_data_sub.cpython-310.pyc
byte-compiling /home/jack/Documents/TM-Optimized/ros2_ws/install/data_relay/lib/python3.10/site-packages/data_relay/relay_data_pub.py to relay_data_pub.cpython-310.pyc
running install_data
creating /home/jack/Documents/TM-Optimized/ros2_ws/install/data_relay/share/ament_index
creating /home/jack/Documents/TM-Optimized/ros2_ws/install/data_relay/share/ament_index/resource_index
creating /home/jack/Documents/TM-Optimized/ros2_ws/install/data_relay/share/ament_index/resource_index/packages
copying resource/data_relay -> /home/jack/Documents/TM-Optimized/ros2_ws/install/data_relay/share/ament_index/resource_index/packages
copying package.xml -> /home/jack/Documents/TM-Optimized/ros2_ws/install/data_relay/share/data_relay
running install_egg_info
Copying ../../build/data_relay/data_relay.egg-info to /home/jack/Documents/TM-Optimized/ros2_ws/install/data_relay/lib/python3.10/site-packages/data_relay-0.0.0-py3.10.egg-info
running install_scripts
Installing relay_pub script to /home/jack/Documents/TM-Optimized/ros2_ws/install/data_relay/lib/data_relay
Installing relay_sub script to /home/jack/Documents/TM-Optimized/ros2_ws/install/data_relay/lib/data_relay
writing list of installed files to '/home/jack/Documents/TM-Optimized/ros2_ws/build/data_relay/install.log'
