[1.465s] Invoking command in '/home/jack/Documents/TM-Optimized/ros2_ws/src/data_relay': PYTHONPATH=/home/jack/Documents/TM-Optimized/ros2_ws/build/data_relay/prefix_override:/usr/lib/python3/dist-packages/colcon_core/task/python/colcon_distutils_commands:/home/jack/Documents/TM-Optimized/ros2_ws/install/data_relay/lib/python3.10/site-packages: /usr/bin/python3 -W ignore:setup.py install is deprecated -W ignore:easy_install command is deprecated setup.py egg_info --egg-base ../../build/data_relay build --build-base /home/jack/Documents/TM-Optimized/ros2_ws/build/data_relay/build install --record /home/jack/Documents/TM-Optimized/ros2_ws/build/data_relay/install.log --single-version-externally-managed install_data
[1.987s] running egg_info
[1.989s] creating ../../build/data_relay/data_relay.egg-info
[1.992s] writing ../../build/data_relay/data_relay.egg-info/PKG-INFO
[1.992s] writing dependency_links to ../../build/data_relay/data_relay.egg-info/dependency_links.txt
[1.992s] writing entry points to ../../build/data_relay/data_relay.egg-info/entry_points.txt
[1.993s] writing requirements to ../../build/data_relay/data_relay.egg-info/requires.txt
[1.998s] writing top-level names to ../../build/data_relay/data_relay.egg-info/top_level.txt
[1.998s] writing manifest file '../../build/data_relay/data_relay.egg-info/SOURCES.txt'
[2.000s] reading manifest file '../../build/data_relay/data_relay.egg-info/SOURCES.txt'
[2.000s] writing manifest file '../../build/data_relay/data_relay.egg-info/SOURCES.txt'
[2.001s] running build
[2.001s] running build_py
[2.004s] creating /home/jack/Documents/TM-Optimized/ros2_ws/build/data_relay/build
[2.005s] creating /home/jack/Documents/TM-Optimized/ros2_ws/build/data_relay/build/lib
[2.005s] creating /home/jack/Documents/TM-Optimized/ros2_ws/build/data_relay/build/lib/data_relay
[2.005s] copying data_relay/__init__.py -> /home/jack/Documents/TM-Optimized/ros2_ws/build/data_relay/build/lib/data_relay
[2.008s] copying data_relay/relay_data_sub.py -> /home/jack/Documents/TM-Optimized/ros2_ws/build/data_relay/build/lib/data_relay
[2.009s] copying data_relay/relay_data_pub.py -> /home/jack/Documents/TM-Optimized/ros2_ws/build/data_relay/build/lib/data_relay
[2.009s] running install
[2.009s] running install_lib
[2.009s] creating /home/jack/Documents/TM-Optimized/ros2_ws/install/data_relay/lib/python3.10/site-packages/data_relay
[2.009s] copying /home/jack/Documents/TM-Optimized/ros2_ws/build/data_relay/build/lib/data_relay/__init__.py -> /home/jack/Documents/TM-Optimized/ros2_ws/install/data_relay/lib/python3.10/site-packages/data_relay
[2.010s] copying /home/jack/Documents/TM-Optimized/ros2_ws/build/data_relay/build/lib/data_relay/relay_data_sub.py -> /home/jack/Documents/TM-Optimized/ros2_ws/install/data_relay/lib/python3.10/site-packages/data_relay
[2.010s] copying /home/jack/Documents/TM-Optimized/ros2_ws/build/data_relay/build/lib/data_relay/relay_data_pub.py -> /home/jack/Documents/TM-Optimized/ros2_ws/install/data_relay/lib/python3.10/site-packages/data_relay
[2.010s] byte-compiling /home/jack/Documents/TM-Optimized/ros2_ws/install/data_relay/lib/python3.10/site-packages/data_relay/__init__.py to __init__.cpython-310.pyc
[2.010s] byte-compiling /home/jack/Documents/TM-Optimized/ros2_ws/install/data_relay/lib/python3.10/site-packages/data_relay/relay_data_sub.py to relay_data_sub.cpython-310.pyc
[2.012s] byte-compiling /home/jack/Documents/TM-Optimized/ros2_ws/install/data_relay/lib/python3.10/site-packages/data_relay/relay_data_pub.py to relay_data_pub.cpython-310.pyc
[2.013s] running install_data
[2.013s] creating /home/jack/Documents/TM-Optimized/ros2_ws/install/data_relay/share/ament_index
[2.013s] creating /home/jack/Documents/TM-Optimized/ros2_ws/install/data_relay/share/ament_index/resource_index
[2.014s] creating /home/jack/Documents/TM-Optimized/ros2_ws/install/data_relay/share/ament_index/resource_index/packages
[2.014s] copying resource/data_relay -> /home/jack/Documents/TM-Optimized/ros2_ws/install/data_relay/share/ament_index/resource_index/packages
[2.014s] copying package.xml -> /home/jack/Documents/TM-Optimized/ros2_ws/install/data_relay/share/data_relay
[2.015s] running install_egg_info
[2.015s] Copying ../../build/data_relay/data_relay.egg-info to /home/jack/Documents/TM-Optimized/ros2_ws/install/data_relay/lib/python3.10/site-packages/data_relay-0.0.0-py3.10.egg-info
[2.015s] running install_scripts
[2.077s] Installing relay_pub script to /home/jack/Documents/TM-Optimized/ros2_ws/install/data_relay/lib/data_relay
[2.077s] Installing relay_sub script to /home/jack/Documents/TM-Optimized/ros2_ws/install/data_relay/lib/data_relay
[2.077s] writing list of installed files to '/home/jack/Documents/TM-Optimized/ros2_ws/build/data_relay/install.log'
[2.146s] Invoked command in '/home/jack/Documents/TM-Optimized/ros2_ws/src/data_relay' returned '0': PYTHONPATH=/home/jack/Documents/TM-Optimized/ros2_ws/build/data_relay/prefix_override:/usr/lib/python3/dist-packages/colcon_core/task/python/colcon_distutils_commands:/home/jack/Documents/TM-Optimized/ros2_ws/install/data_relay/lib/python3.10/site-packages: /usr/bin/python3 -W ignore:setup.py install is deprecated -W ignore:easy_install command is deprecated setup.py egg_info --egg-base ../../build/data_relay build --build-base /home/jack/Documents/TM-Optimized/ros2_ws/build/data_relay/build install --record /home/jack/Documents/TM-Optimized/ros2_ws/build/data_relay/install.log --single-version-externally-managed install_data
