[0.692s] Invoking command in '/home/jack/Documents/TM-Optimized/ros2_ws/src/py_pubsub': PYTHONPATH=/home/jack/Documents/TM-Optimized/ros2_ws/build/py_pubsub/prefix_override:/usr/lib/python3/dist-packages/colcon_core/task/python/colcon_distutils_commands:/home/jack/Documents/TM-Optimized/ros2_ws/install/py_pubsub/lib/python3.10/site-packages:${PYTHONPATH} /usr/bin/python3 -W ignore:setup.py install is deprecated -W ignore:easy_install command is deprecated setup.py egg_info --egg-base ../../build/py_pubsub build --build-base /home/jack/Documents/TM-Optimized/ros2_ws/build/py_pubsub/build install --record /home/jack/Documents/TM-Optimized/ros2_ws/build/py_pubsub/install.log --single-version-externally-managed install_data
[0.937s] running egg_info
[0.939s] writing ../../build/py_pubsub/py_pubsub.egg-info/PKG-INFO
[0.939s] writing dependency_links to ../../build/py_pubsub/py_pubsub.egg-info/dependency_links.txt
[0.940s] writing entry points to ../../build/py_pubsub/py_pubsub.egg-info/entry_points.txt
[0.940s] writing requirements to ../../build/py_pubsub/py_pubsub.egg-info/requires.txt
[0.940s] writing top-level names to ../../build/py_pubsub/py_pubsub.egg-info/top_level.txt
[0.944s] reading manifest file '../../build/py_pubsub/py_pubsub.egg-info/SOURCES.txt'
[0.945s] adding license file 'LICENSE'
[0.946s] writing manifest file '../../build/py_pubsub/py_pubsub.egg-info/SOURCES.txt'
[0.946s] running build
[0.947s] running build_py
[0.947s] running install
[0.948s] running install_lib
[0.949s] running install_data
[0.950s] running install_egg_info
[0.952s] removing '/home/jack/Documents/TM-Optimized/ros2_ws/install/py_pubsub/lib/python3.10/site-packages/py_pubsub-0.0.0-py3.10.egg-info' (and everything under it)
[0.954s] Copying ../../build/py_pubsub/py_pubsub.egg-info to /home/jack/Documents/TM-Optimized/ros2_ws/install/py_pubsub/lib/python3.10/site-packages/py_pubsub-0.0.0-py3.10.egg-info
[0.955s] running install_scripts
[0.979s] Installing listener script to /home/jack/Documents/TM-Optimized/ros2_ws/install/py_pubsub/lib/py_pubsub
[0.980s] Installing talker script to /home/jack/Documents/TM-Optimized/ros2_ws/install/py_pubsub/lib/py_pubsub
[0.981s] writing list of installed files to '/home/jack/Documents/TM-Optimized/ros2_ws/build/py_pubsub/install.log'
[1.013s] Invoked command in '/home/jack/Documents/TM-Optimized/ros2_ws/src/py_pubsub' returned '0': PYTHONPATH=/home/jack/Documents/TM-Optimized/ros2_ws/build/py_pubsub/prefix_override:/usr/lib/python3/dist-packages/colcon_core/task/python/colcon_distutils_commands:/home/jack/Documents/TM-Optimized/ros2_ws/install/py_pubsub/lib/python3.10/site-packages:${PYTHONPATH} /usr/bin/python3 -W ignore:setup.py install is deprecated -W ignore:easy_install command is deprecated setup.py egg_info --egg-base ../../build/py_pubsub build --build-base /home/jack/Documents/TM-Optimized/ros2_ws/build/py_pubsub/build install --record /home/jack/Documents/TM-Optimized/ros2_ws/build/py_pubsub/install.log --single-version-externally-managed install_data
