[1.072s] Invoking command in '/home/jack/Documents/TM-Optimized/ros2_ws/src/py_pubsub': PYTHONPATH=/home/jack/Documents/TM-Optimized/ros2_ws/build/py_pubsub/prefix_override:/usr/lib/python3/dist-packages/colcon_core/task/python/colcon_distutils_commands:/home/jack/Documents/TM-Optimized/ros2_ws/install/py_pubsub/lib/python3.10/site-packages: /usr/bin/python3 -W ignore:setup.py install is deprecated -W ignore:easy_install command is deprecated setup.py egg_info --egg-base ../../build/py_pubsub build --build-base /home/jack/Documents/TM-Optimized/ros2_ws/build/py_pubsub/build install --record /home/jack/Documents/TM-Optimized/ros2_ws/build/py_pubsub/install.log --single-version-externally-managed install_data
[1.454s] running egg_info
[1.455s] creating ../../build/py_pubsub/py_pubsub.egg-info
[1.456s] writing ../../build/py_pubsub/py_pubsub.egg-info/PKG-INFO
[1.457s] writing dependency_links to ../../build/py_pubsub/py_pubsub.egg-info/dependency_links.txt
[1.457s] writing entry points to ../../build/py_pubsub/py_pubsub.egg-info/entry_points.txt
[1.459s] writing requirements to ../../build/py_pubsub/py_pubsub.egg-info/requires.txt
[1.460s] writing top-level names to ../../build/py_pubsub/py_pubsub.egg-info/top_level.txt
[1.460s] writing manifest file '../../build/py_pubsub/py_pubsub.egg-info/SOURCES.txt'
[1.464s] reading manifest file '../../build/py_pubsub/py_pubsub.egg-info/SOURCES.txt'
[1.464s] adding license file 'LICENSE'
[1.466s] writing manifest file '../../build/py_pubsub/py_pubsub.egg-info/SOURCES.txt'
[1.466s] running build
[1.466s] running build_py
[1.466s] creating /home/jack/Documents/TM-Optimized/ros2_ws/build/py_pubsub/build
[1.467s] creating /home/jack/Documents/TM-Optimized/ros2_ws/build/py_pubsub/build/lib
[1.467s] creating /home/jack/Documents/TM-Optimized/ros2_ws/build/py_pubsub/build/lib/py_pubsub
[1.467s] copying py_pubsub/__init__.py -> /home/jack/Documents/TM-Optimized/ros2_ws/build/py_pubsub/build/lib/py_pubsub
[1.469s] copying py_pubsub/publisher_member_function.py -> /home/jack/Documents/TM-Optimized/ros2_ws/build/py_pubsub/build/lib/py_pubsub
[1.470s] copying py_pubsub/subscriber_member_function.py -> /home/jack/Documents/TM-Optimized/ros2_ws/build/py_pubsub/build/lib/py_pubsub
[1.470s] running install
[1.470s] running install_lib
[1.471s] creating /home/jack/Documents/TM-Optimized/ros2_ws/install/py_pubsub/lib/python3.10/site-packages/py_pubsub
[1.471s] copying /home/jack/Documents/TM-Optimized/ros2_ws/build/py_pubsub/build/lib/py_pubsub/__init__.py -> /home/jack/Documents/TM-Optimized/ros2_ws/install/py_pubsub/lib/python3.10/site-packages/py_pubsub
[1.472s] copying /home/jack/Documents/TM-Optimized/ros2_ws/build/py_pubsub/build/lib/py_pubsub/publisher_member_function.py -> /home/jack/Documents/TM-Optimized/ros2_ws/install/py_pubsub/lib/python3.10/site-packages/py_pubsub
[1.472s] copying /home/jack/Documents/TM-Optimized/ros2_ws/build/py_pubsub/build/lib/py_pubsub/subscriber_member_function.py -> /home/jack/Documents/TM-Optimized/ros2_ws/install/py_pubsub/lib/python3.10/site-packages/py_pubsub
[1.473s] byte-compiling /home/jack/Documents/TM-Optimized/ros2_ws/install/py_pubsub/lib/python3.10/site-packages/py_pubsub/__init__.py to __init__.cpython-310.pyc
[1.473s] byte-compiling /home/jack/Documents/TM-Optimized/ros2_ws/install/py_pubsub/lib/python3.10/site-packages/py_pubsub/publisher_member_function.py to publisher_member_function.cpython-310.pyc
[1.473s] byte-compiling /home/jack/Documents/TM-Optimized/ros2_ws/install/py_pubsub/lib/python3.10/site-packages/py_pubsub/subscriber_member_function.py to subscriber_member_function.cpython-310.pyc
[1.475s] running install_data
[1.475s] creating /home/jack/Documents/TM-Optimized/ros2_ws/install/py_pubsub/share/ament_index
[1.475s] creating /home/jack/Documents/TM-Optimized/ros2_ws/install/py_pubsub/share/ament_index/resource_index
[1.476s] creating /home/jack/Documents/TM-Optimized/ros2_ws/install/py_pubsub/share/ament_index/resource_index/packages
[1.477s] copying resource/py_pubsub -> /home/jack/Documents/TM-Optimized/ros2_ws/install/py_pubsub/share/ament_index/resource_index/packages
[1.477s] copying package.xml -> /home/jack/Documents/TM-Optimized/ros2_ws/install/py_pubsub/share/py_pubsub
[1.477s] running install_egg_info
[1.479s] Copying ../../build/py_pubsub/py_pubsub.egg-info to /home/jack/Documents/TM-Optimized/ros2_ws/install/py_pubsub/lib/python3.10/site-packages/py_pubsub-0.0.0-py3.10.egg-info
[1.482s] running install_scripts
[1.511s] Installing listener script to /home/jack/Documents/TM-Optimized/ros2_ws/install/py_pubsub/lib/py_pubsub
[1.513s] Installing talker script to /home/jack/Documents/TM-Optimized/ros2_ws/install/py_pubsub/lib/py_pubsub
[1.513s] writing list of installed files to '/home/jack/Documents/TM-Optimized/ros2_ws/build/py_pubsub/install.log'
[1.564s] Invoked command in '/home/jack/Documents/TM-Optimized/ros2_ws/src/py_pubsub' returned '0': PYTHONPATH=/home/jack/Documents/TM-Optimized/ros2_ws/build/py_pubsub/prefix_override:/usr/lib/python3/dist-packages/colcon_core/task/python/colcon_distutils_commands:/home/jack/Documents/TM-Optimized/ros2_ws/install/py_pubsub/lib/python3.10/site-packages: /usr/bin/python3 -W ignore:setup.py install is deprecated -W ignore:easy_install command is deprecated setup.py egg_info --egg-base ../../build/py_pubsub build --build-base /home/jack/Documents/TM-Optimized/ros2_ws/build/py_pubsub/build install --record /home/jack/Documents/TM-Optimized/ros2_ws/build/py_pubsub/install.log --single-version-externally-managed install_data
