[1.365s] Invoking command in '/home/jack/Documents/TM-Optimized/ros2_ws/src/data_relay': PYTHONPATH=/home/jack/Documents/TM-Optimized/ros2_ws/build/data_relay/prefix_override:/usr/lib/python3/dist-packages/colcon_core/task/python/colcon_distutils_commands:/home/jack/Documents/TM-Optimized/ros2_ws/install/data_relay/lib/python3.10/site-packages:${PYTHONPATH} /usr/bin/python3 -W ignore:setup.py install is deprecated -W ignore:easy_install command is deprecated setup.py egg_info --egg-base ../../build/data_relay build --build-base /home/jack/Documents/TM-Optimized/ros2_ws/build/data_relay/build install --record /home/jack/Documents/TM-Optimized/ros2_ws/build/data_relay/install.log --single-version-externally-managed install_data
[1.861s] running egg_info
[1.863s] writing ../../build/data_relay/data_relay.egg-info/PKG-INFO
[1.864s] writing dependency_links to ../../build/data_relay/data_relay.egg-info/dependency_links.txt
[1.865s] writing entry points to ../../build/data_relay/data_relay.egg-info/entry_points.txt
[1.865s] writing requirements to ../../build/data_relay/data_relay.egg-info/requires.txt
[1.865s] writing top-level names to ../../build/data_relay/data_relay.egg-info/top_level.txt
[1.871s] reading manifest file '../../build/data_relay/data_relay.egg-info/SOURCES.txt'
[1.872s] writing manifest file '../../build/data_relay/data_relay.egg-info/SOURCES.txt'
[1.873s] running build
[1.874s] running build_py
[1.874s] copying data_relay/relay_data_sub.py -> /home/jack/Documents/TM-Optimized/ros2_ws/build/data_relay/build/lib/data_relay
[1.876s] copying data_relay/relay_data_pub.py -> /home/jack/Documents/TM-Optimized/ros2_ws/build/data_relay/build/lib/data_relay
[1.877s] running install
[1.880s] running install_lib
[1.883s] copying /home/jack/Documents/TM-Optimized/ros2_ws/build/data_relay/build/lib/data_relay/relay_data_sub.py -> /home/jack/Documents/TM-Optimized/ros2_ws/install/data_relay/lib/python3.10/site-packages/data_relay
[1.885s] copying /home/jack/Documents/TM-Optimized/ros2_ws/build/data_relay/build/lib/data_relay/relay_data_pub.py -> /home/jack/Documents/TM-Optimized/ros2_ws/install/data_relay/lib/python3.10/site-packages/data_relay
[1.888s] byte-compiling /home/jack/Documents/TM-Optimized/ros2_ws/install/data_relay/lib/python3.10/site-packages/data_relay/relay_data_sub.py to relay_data_sub.cpython-310.pyc
[1.890s] byte-compiling /home/jack/Documents/TM-Optimized/ros2_ws/install/data_relay/lib/python3.10/site-packages/data_relay/relay_data_pub.py to relay_data_pub.cpython-310.pyc
[1.891s] running install_data
[1.894s] copying package.xml -> /home/jack/Documents/TM-Optimized/ros2_ws/install/data_relay/share/data_relay
[1.898s] running install_egg_info
[1.904s] removing '/home/jack/Documents/TM-Optimized/ros2_ws/install/data_relay/lib/python3.10/site-packages/data_relay-0.0.0-py3.10.egg-info' (and everything under it)
[1.906s] Copying ../../build/data_relay/data_relay.egg-info to /home/jack/Documents/TM-Optimized/ros2_ws/install/data_relay/lib/python3.10/site-packages/data_relay-0.0.0-py3.10.egg-info
[1.908s] running install_scripts
[1.941s] Installing relay_pub script to /home/jack/Documents/TM-Optimized/ros2_ws/install/data_relay/lib/data_relay
[1.942s] Installing relay_sub script to /home/jack/Documents/TM-Optimized/ros2_ws/install/data_relay/lib/data_relay
[1.943s] writing list of installed files to '/home/jack/Documents/TM-Optimized/ros2_ws/build/data_relay/install.log'
[2.001s] Invoked command in '/home/jack/Documents/TM-Optimized/ros2_ws/src/data_relay' returned '0': PYTHONPATH=/home/jack/Documents/TM-Optimized/ros2_ws/build/data_relay/prefix_override:/usr/lib/python3/dist-packages/colcon_core/task/python/colcon_distutils_commands:/home/jack/Documents/TM-Optimized/ros2_ws/install/data_relay/lib/python3.10/site-packages:${PYTHONPATH} /usr/bin/python3 -W ignore:setup.py install is deprecated -W ignore:easy_install command is deprecated setup.py egg_info --egg-base ../../build/data_relay build --build-base /home/jack/Documents/TM-Optimized/ros2_ws/build/data_relay/build install --record /home/jack/Documents/TM-Optimized/ros2_ws/build/data_relay/install.log --single-version-externally-managed install_data
