[1.145s] Invoking command in '/home/jack/Documents/TM-Optimized/ros2_ws/src/py_pubsub': PYTHONPATH=/home/jack/Documents/TM-Optimized/ros2_ws/build/data_relay/prefix_override:/usr/lib/python3/dist-packages/colcon_core/task/python/colcon_distutils_commands:/home/jack/Documents/TM-Optimized/ros2_ws/install/data_relay/lib/python3.10/site-packages:${PYTHONPATH} /usr/bin/python3 -W ignore:setup.py install is deprecated -W ignore:easy_install command is deprecated setup.py egg_info --egg-base ../../build/data_relay build --build-base /home/jack/Documents/TM-Optimized/ros2_ws/build/data_relay/build install --record /home/jack/Documents/TM-Optimized/ros2_ws/build/data_relay/install.log --single-version-externally-managed install_data
[1.575s] running egg_info
[1.578s] writing ../../build/data_relay/data_relay.egg-info/PKG-INFO
[1.578s] writing dependency_links to ../../build/data_relay/data_relay.egg-info/dependency_links.txt
[1.578s] writing entry points to ../../build/data_relay/data_relay.egg-info/entry_points.txt
[1.578s] writing requirements to ../../build/data_relay/data_relay.egg-info/requires.txt
[1.578s] writing top-level names to ../../build/data_relay/data_relay.egg-info/top_level.txt
[1.580s] reading manifest file '../../build/data_relay/data_relay.egg-info/SOURCES.txt'
[1.581s] adding license file 'LICENSE'
[1.582s] writing manifest file '../../build/data_relay/data_relay.egg-info/SOURCES.txt'
[1.583s] running build
[1.583s] running install
[1.585s] running install_data
[1.586s] running install_egg_info
[1.595s] removing '/home/jack/Documents/TM-Optimized/ros2_ws/install/data_relay/lib/python3.10/site-packages/data_relay-0.0.0-py3.10.egg-info' (and everything under it)
[1.595s] Copying ../../build/data_relay/data_relay.egg-info to /home/jack/Documents/TM-Optimized/ros2_ws/install/data_relay/lib/python3.10/site-packages/data_relay-0.0.0-py3.10.egg-info
[1.595s] running install_scripts
[1.637s] Installing relay_pub = py_pubsub.relay_data_pub.pyrelay_sub script to /home/jack/Documents/TM-Optimized/ros2_ws/install/data_relay/lib/py_pubsub
[1.637s] writing list of installed files to '/home/jack/Documents/TM-Optimized/ros2_ws/build/data_relay/install.log'
[1.679s] Invoked command in '/home/jack/Documents/TM-Optimized/ros2_ws/src/py_pubsub' returned '0': PYTHONPATH=/home/jack/Documents/TM-Optimized/ros2_ws/build/data_relay/prefix_override:/usr/lib/python3/dist-packages/colcon_core/task/python/colcon_distutils_commands:/home/jack/Documents/TM-Optimized/ros2_ws/install/data_relay/lib/python3.10/site-packages:${PYTHONPATH} /usr/bin/python3 -W ignore:setup.py install is deprecated -W ignore:easy_install command is deprecated setup.py egg_info --egg-base ../../build/data_relay build --build-base /home/jack/Documents/TM-Optimized/ros2_ws/build/data_relay/build install --record /home/jack/Documents/TM-Optimized/ros2_ws/build/data_relay/install.log --single-version-externally-managed install_data
