running egg_info
writing ../../build/data_relay/data_relay.egg-info/PKG-INFO
writing dependency_links to ../../build/data_relay/data_relay.egg-info/dependency_links.txt
writing entry points to ../../build/data_relay/data_relay.egg-info/entry_points.txt
writing requirements to ../../build/data_relay/data_relay.egg-info/requires.txt
writing top-level names to ../../build/data_relay/data_relay.egg-info/top_level.txt
reading manifest file '../../build/data_relay/data_relay.egg-info/SOURCES.txt'
writing manifest file '../../build/data_relay/data_relay.egg-info/SOURCES.txt'
running build
running build_py
copying data_relay/relay_data_sub.py -> /home/jack/Documents/TM-Optimized/ros2_ws/build/data_relay/build/lib/data_relay
copying data_relay/relay_data_pub.py -> /home/jack/Documents/TM-Optimized/ros2_ws/build/data_relay/build/lib/data_relay
running install
running install_lib
copying /home/jack/Documents/TM-Optimized/ros2_ws/build/data_relay/build/lib/data_relay/relay_data_sub.py -> /home/jack/Documents/TM-Optimized/ros2_ws/install/data_relay/lib/python3.10/site-packages/data_relay
copying /home/jack/Documents/TM-Optimized/ros2_ws/build/data_relay/build/lib/data_relay/relay_data_pub.py -> /home/jack/Documents/TM-Optimized/ros2_ws/install/data_relay/lib/python3.10/site-packages/data_relay
byte-compiling /home/jack/Documents/TM-Optimized/ros2_ws/install/data_relay/lib/python3.10/site-packages/data_relay/relay_data_sub.py to relay_data_sub.cpython-310.pyc
byte-compiling /home/jack/Documents/TM-Optimized/ros2_ws/install/data_relay/lib/python3.10/site-packages/data_relay/relay_data_pub.py to relay_data_pub.cpython-310.pyc
running install_data
running install_egg_info
removing '/home/jack/Documents/TM-Optimized/ros2_ws/install/data_relay/lib/python3.10/site-packages/data_relay-0.0.0-py3.10.egg-info' (and everything under it)
Copying ../../build/data_relay/data_relay.egg-info to /home/jack/Documents/TM-Optimized/ros2_ws/install/data_relay/lib/python3.10/site-packages/data_relay-0.0.0-py3.10.egg-info
running install_scripts
Installing relay_pub script to /home/jack/Documents/TM-Optimized/ros2_ws/install/data_relay/lib/data_relay
Installing relay_sub script to /home/jack/Documents/TM-Optimized/ros2_ws/install/data_relay/lib/data_relay
writing list of installed files to '/home/jack/Documents/TM-Optimized/ros2_ws/build/data_relay/install.log'
