[1.406s] Invoking command in '/home/jack/Documents/TM-Optimized/ros2_ws/src/data_relay': PYTHONPATH=/home/jack/Documents/TM-Optimized/ros2_ws/build/data_relay/prefix_override:/usr/lib/python3/dist-packages/colcon_core/task/python/colcon_distutils_commands:/home/jack/Documents/TM-Optimized/ros2_ws/install/data_relay/lib/python3.10/site-packages:${PYTHONPATH} /usr/bin/python3 -W ignore:setup.py install is deprecated -W ignore:easy_install command is deprecated setup.py egg_info --egg-base ../../build/data_relay build --build-base /home/jack/Documents/TM-Optimized/ros2_ws/build/data_relay/build install --record /home/jack/Documents/TM-Optimized/ros2_ws/build/data_relay/install.log --single-version-externally-managed install_data
[1.875s] running egg_info
[1.876s] writing ../../build/data_relay/data_relay.egg-info/PKG-INFO
[1.876s] writing dependency_links to ../../build/data_relay/data_relay.egg-info/dependency_links.txt
[1.877s] writing entry points to ../../build/data_relay/data_relay.egg-info/entry_points.txt
[1.878s] writing requirements to ../../build/data_relay/data_relay.egg-info/requires.txt
[1.878s] writing top-level names to ../../build/data_relay/data_relay.egg-info/top_level.txt
[1.882s] reading manifest file '../../build/data_relay/data_relay.egg-info/SOURCES.txt'
[1.886s] writing manifest file '../../build/data_relay/data_relay.egg-info/SOURCES.txt'
[1.887s] running build
[1.887s] running build_py
[1.887s] copying data_relay/relay_data_sub.py -> /home/jack/Documents/TM-Optimized/ros2_ws/build/data_relay/build/lib/data_relay
[1.887s] copying data_relay/relay_data_pub.py -> /home/jack/Documents/TM-Optimized/ros2_ws/build/data_relay/build/lib/data_relay
[1.889s] running install
[1.890s] running install_lib
[1.890s] copying /home/jack/Documents/TM-Optimized/ros2_ws/build/data_relay/build/lib/data_relay/relay_data_sub.py -> /home/jack/Documents/TM-Optimized/ros2_ws/install/data_relay/lib/python3.10/site-packages/data_relay
[1.891s] copying /home/jack/Documents/TM-Optimized/ros2_ws/build/data_relay/build/lib/data_relay/relay_data_pub.py -> /home/jack/Documents/TM-Optimized/ros2_ws/install/data_relay/lib/python3.10/site-packages/data_relay
[1.891s] byte-compiling /home/jack/Documents/TM-Optimized/ros2_ws/install/data_relay/lib/python3.10/site-packages/data_relay/relay_data_sub.py to relay_data_sub.cpython-310.pyc
[1.891s] byte-compiling /home/jack/Documents/TM-Optimized/ros2_ws/install/data_relay/lib/python3.10/site-packages/data_relay/relay_data_pub.py to relay_data_pub.cpython-310.pyc
[1.894s] running install_data
[1.895s] running install_egg_info
[1.899s] removing '/home/jack/Documents/TM-Optimized/ros2_ws/install/data_relay/lib/python3.10/site-packages/data_relay-0.0.0-py3.10.egg-info' (and everything under it)
[1.899s] Copying ../../build/data_relay/data_relay.egg-info to /home/jack/Documents/TM-Optimized/ros2_ws/install/data_relay/lib/python3.10/site-packages/data_relay-0.0.0-py3.10.egg-info
[1.899s] running install_scripts
[1.960s] Installing relay_pub script to /home/jack/Documents/TM-Optimized/ros2_ws/install/data_relay/lib/data_relay
[1.962s] Installing relay_sub script to /home/jack/Documents/TM-Optimized/ros2_ws/install/data_relay/lib/data_relay
[1.962s] writing list of installed files to '/home/jack/Documents/TM-Optimized/ros2_ws/build/data_relay/install.log'
[2.012s] Invoked command in '/home/jack/Documents/TM-Optimized/ros2_ws/src/data_relay' returned '0': PYTHONPATH=/home/jack/Documents/TM-Optimized/ros2_ws/build/data_relay/prefix_override:/usr/lib/python3/dist-packages/colcon_core/task/python/colcon_distutils_commands:/home/jack/Documents/TM-Optimized/ros2_ws/install/data_relay/lib/python3.10/site-packages:${PYTHONPATH} /usr/bin/python3 -W ignore:setup.py install is deprecated -W ignore:easy_install command is deprecated setup.py egg_info --egg-base ../../build/data_relay build --build-base /home/jack/Documents/TM-Optimized/ros2_ws/build/data_relay/build install --record /home/jack/Documents/TM-Optimized/ros2_ws/build/data_relay/install.log --single-version-externally-managed install_data
