running egg_info
writing ../../build/data_relay/data_relay.egg-info/PKG-INFO
writing dependency_links to ../../build/data_relay/data_relay.egg-info/dependency_links.txt
writing entry points to ../../build/data_relay/data_relay.egg-info/entry_points.txt
writing requirements to ../../build/data_relay/data_relay.egg-info/requires.txt
writing top-level names to ../../build/data_relay/data_relay.egg-info/top_level.txt
reading manifest file '../../build/data_relay/data_relay.egg-info/SOURCES.txt'
adding license file 'LICENSE'
writing manifest file '../../build/data_relay/data_relay.egg-info/SOURCES.txt'
running build
running install
running install_data
copying resource/data_relay -> /home/jack/Documents/TM-Optimized/ros2_ws/install/data_relay/share/ament_index/resource_index/packages
copying package.xml -> /home/jack/Documents/TM-Optimized/ros2_ws/install/data_relay/share/data_relay
running install_egg_info
Copying ../../build/data_relay/data_relay.egg-info to /home/jack/Documents/TM-Optimized/ros2_ws/install/data_relay/lib/python3.10/site-packages/data_relay-0.0.0-py3.10.egg-info
running install_scripts
Installing listener = py_pubsub.subscriber_member_function:mainrelay_pub = py_pubsub.relay_data_pub.pyrelay_sub script to /home/jack/Documents/TM-Optimized/ros2_ws/install/data_relay/lib/py_pubsub
Installing talker script to /home/jack/Documents/TM-Optimized/ros2_ws/install/data_relay/lib/py_pubsub
writing list of installed files to '/home/jack/Documents/TM-Optimized/ros2_ws/build/data_relay/install.log'
