[1.016s] Invoking command in '/home/jack/Documents/TM-Optimized/ros2_ws/src/py_pubsub': PYTHONPATH=/home/jack/Documents/TM-Optimized/ros2_ws/build/data_relay/prefix_override:/usr/lib/python3/dist-packages/colcon_core/task/python/colcon_distutils_commands:/home/jack/Documents/TM-Optimized/ros2_ws/install/data_relay/lib/python3.10/site-packages: /usr/bin/python3 -W ignore:setup.py install is deprecated -W ignore:easy_install command is deprecated setup.py egg_info --egg-base ../../build/data_relay build --build-base /home/jack/Documents/TM-Optimized/ros2_ws/build/data_relay/build install --record /home/jack/Documents/TM-Optimized/ros2_ws/build/data_relay/install.log --single-version-externally-managed install_data
[1.314s] running egg_info
[1.315s] writing ../../build/data_relay/data_relay.egg-info/PKG-INFO
[1.321s] writing dependency_links to ../../build/data_relay/data_relay.egg-info/dependency_links.txt
[1.321s] writing entry points to ../../build/data_relay/data_relay.egg-info/entry_points.txt
[1.321s] writing requirements to ../../build/data_relay/data_relay.egg-info/requires.txt
[1.321s] writing top-level names to ../../build/data_relay/data_relay.egg-info/top_level.txt
[1.322s] reading manifest file '../../build/data_relay/data_relay.egg-info/SOURCES.txt'
[1.322s] adding license file 'LICENSE'
[1.322s] writing manifest file '../../build/data_relay/data_relay.egg-info/SOURCES.txt'
[1.322s] running build
[1.322s] running install
[1.322s] running install_data
[1.322s] copying resource/data_relay -> /home/jack/Documents/TM-Optimized/ros2_ws/install/data_relay/share/ament_index/resource_index/packages
[1.323s] copying package.xml -> /home/jack/Documents/TM-Optimized/ros2_ws/install/data_relay/share/data_relay
[1.329s] running install_egg_info
[1.331s] Copying ../../build/data_relay/data_relay.egg-info to /home/jack/Documents/TM-Optimized/ros2_ws/install/data_relay/lib/python3.10/site-packages/data_relay-0.0.0-py3.10.egg-info
[1.332s] running install_scripts
[1.365s] Installing listener = py_pubsub.subscriber_member_function:mainrelay_pub = py_pubsub.relay_data_pub.pyrelay_sub script to /home/jack/Documents/TM-Optimized/ros2_ws/install/data_relay/lib/py_pubsub
[1.366s] Installing talker script to /home/jack/Documents/TM-Optimized/ros2_ws/install/data_relay/lib/py_pubsub
[1.367s] writing list of installed files to '/home/jack/Documents/TM-Optimized/ros2_ws/build/data_relay/install.log'
[1.403s] Invoked command in '/home/jack/Documents/TM-Optimized/ros2_ws/src/py_pubsub' returned '0': PYTHONPATH=/home/jack/Documents/TM-Optimized/ros2_ws/build/data_relay/prefix_override:/usr/lib/python3/dist-packages/colcon_core/task/python/colcon_distutils_commands:/home/jack/Documents/TM-Optimized/ros2_ws/install/data_relay/lib/python3.10/site-packages: /usr/bin/python3 -W ignore:setup.py install is deprecated -W ignore:easy_install command is deprecated setup.py egg_info --egg-base ../../build/data_relay build --build-base /home/jack/Documents/TM-Optimized/ros2_ws/build/data_relay/build install --record /home/jack/Documents/TM-Optimized/ros2_ws/build/data_relay/install.log --single-version-externally-managed install_data
