[1.300s] Invoking command in '/home/jack/Documents/TM-Optimized/ros2_ws/src/data_relay': PYTHONPATH=/home/jack/Documents/TM-Optimized/ros2_ws/build/data_relay/prefix_override:/usr/lib/python3/dist-packages/colcon_core/task/python/colcon_distutils_commands:/home/jack/Documents/TM-Optimized/ros2_ws/install/data_relay/lib/python3.10/site-packages:${PYTHONPATH} /usr/bin/python3 -W ignore:setup.py install is deprecated -W ignore:easy_install command is deprecated setup.py egg_info --egg-base ../../build/data_relay build --build-base /home/jack/Documents/TM-Optimized/ros2_ws/build/data_relay/build install --record /home/jack/Documents/TM-Optimized/ros2_ws/build/data_relay/install.log --single-version-externally-managed install_data
[1.746s] running egg_info
[1.747s] writing ../../build/data_relay/data_relay.egg-info/PKG-INFO
[1.748s] writing dependency_links to ../../build/data_relay/data_relay.egg-info/dependency_links.txt
[1.749s] writing entry points to ../../build/data_relay/data_relay.egg-info/entry_points.txt
[1.750s] writing requirements to ../../build/data_relay/data_relay.egg-info/requires.txt
[1.750s] writing top-level names to ../../build/data_relay/data_relay.egg-info/top_level.txt
[1.752s] reading manifest file '../../build/data_relay/data_relay.egg-info/SOURCES.txt'
[1.754s] writing manifest file '../../build/data_relay/data_relay.egg-info/SOURCES.txt'
[1.756s] running build
[1.756s] running build_py
[1.756s] creating /home/jack/Documents/TM-Optimized/ros2_ws/build/data_relay/build
[1.756s] creating /home/jack/Documents/TM-Optimized/ros2_ws/build/data_relay/build/lib
[1.756s] creating /home/jack/Documents/TM-Optimized/ros2_ws/build/data_relay/build/lib/data_relay
[1.757s] copying data_relay/__init__.py -> /home/jack/Documents/TM-Optimized/ros2_ws/build/data_relay/build/lib/data_relay
[1.757s] copying data_relay/relay_data_sub.py -> /home/jack/Documents/TM-Optimized/ros2_ws/build/data_relay/build/lib/data_relay
[1.757s] copying data_relay/relay_data_pub.py -> /home/jack/Documents/TM-Optimized/ros2_ws/build/data_relay/build/lib/data_relay
[1.757s] running install
[1.761s] running install_lib
[1.762s] creating /home/jack/Documents/TM-Optimized/ros2_ws/install/data_relay/lib/python3.10/site-packages/data_relay
[1.763s] copying /home/jack/Documents/TM-Optimized/ros2_ws/build/data_relay/build/lib/data_relay/__init__.py -> /home/jack/Documents/TM-Optimized/ros2_ws/install/data_relay/lib/python3.10/site-packages/data_relay
[1.763s] copying /home/jack/Documents/TM-Optimized/ros2_ws/build/data_relay/build/lib/data_relay/relay_data_sub.py -> /home/jack/Documents/TM-Optimized/ros2_ws/install/data_relay/lib/python3.10/site-packages/data_relay
[1.763s] copying /home/jack/Documents/TM-Optimized/ros2_ws/build/data_relay/build/lib/data_relay/relay_data_pub.py -> /home/jack/Documents/TM-Optimized/ros2_ws/install/data_relay/lib/python3.10/site-packages/data_relay
[1.763s] byte-compiling /home/jack/Documents/TM-Optimized/ros2_ws/install/data_relay/lib/python3.10/site-packages/data_relay/__init__.py to __init__.cpython-310.pyc
[1.764s] byte-compiling /home/jack/Documents/TM-Optimized/ros2_ws/install/data_relay/lib/python3.10/site-packages/data_relay/relay_data_sub.py to relay_data_sub.cpython-310.pyc
[1.764s] byte-compiling /home/jack/Documents/TM-Optimized/ros2_ws/install/data_relay/lib/python3.10/site-packages/data_relay/relay_data_pub.py to relay_data_pub.cpython-310.pyc
[1.767s] running install_data
[1.768s] copying package.xml -> /home/jack/Documents/TM-Optimized/ros2_ws/install/data_relay/share/data_relay
[1.768s] running install_egg_info
[1.768s] removing '/home/jack/Documents/TM-Optimized/ros2_ws/install/data_relay/lib/python3.10/site-packages/data_relay-0.0.0-py3.10.egg-info' (and everything under it)
[1.771s] Copying ../../build/data_relay/data_relay.egg-info to /home/jack/Documents/TM-Optimized/ros2_ws/install/data_relay/lib/python3.10/site-packages/data_relay-0.0.0-py3.10.egg-info
[1.772s] running install_scripts
[1.809s] Installing relay_pub script to /home/jack/Documents/TM-Optimized/ros2_ws/install/data_relay/bin
[1.810s] Installing relay_sub script to /home/jack/Documents/TM-Optimized/ros2_ws/install/data_relay/bin
[1.810s] writing list of installed files to '/home/jack/Documents/TM-Optimized/ros2_ws/build/data_relay/install.log'
[1.852s] Invoked command in '/home/jack/Documents/TM-Optimized/ros2_ws/src/data_relay' returned '0': PYTHONPATH=/home/jack/Documents/TM-Optimized/ros2_ws/build/data_relay/prefix_override:/usr/lib/python3/dist-packages/colcon_core/task/python/colcon_distutils_commands:/home/jack/Documents/TM-Optimized/ros2_ws/install/data_relay/lib/python3.10/site-packages:${PYTHONPATH} /usr/bin/python3 -W ignore:setup.py install is deprecated -W ignore:easy_install command is deprecated setup.py egg_info --egg-base ../../build/data_relay build --build-base /home/jack/Documents/TM-Optimized/ros2_ws/build/data_relay/build install --record /home/jack/Documents/TM-Optimized/ros2_ws/build/data_relay/install.log --single-version-externally-managed install_data
