[1.357s] Invoking command in '/home/jack/Documents/TM-Optimized/ros2_ws/src/py_pubsub': PYTHONPATH=/home/jack/Documents/TM-Optimized/ros2_ws/build/py_pubsub/prefix_override:/usr/lib/python3/dist-packages/colcon_core/task/python/colcon_distutils_commands:/home/jack/Documents/TM-Optimized/ros2_ws/install/py_pubsub/lib/python3.10/site-packages:${PYTHONPATH} /usr/bin/python3 -W ignore:setup.py install is deprecated -W ignore:easy_install command is deprecated setup.py egg_info --egg-base ../../build/py_pubsub build --build-base /home/jack/Documents/TM-Optimized/ros2_ws/build/py_pubsub/build install --record /home/jack/Documents/TM-Optimized/ros2_ws/build/py_pubsub/install.log --single-version-externally-managed install_data
[1.731s] running egg_info
[1.734s] writing ../../build/py_pubsub/py_pubsub.egg-info/PKG-INFO
[1.735s] writing dependency_links to ../../build/py_pubsub/py_pubsub.egg-info/dependency_links.txt
[1.735s] writing entry points to ../../build/py_pubsub/py_pubsub.egg-info/entry_points.txt
[1.735s] writing requirements to ../../build/py_pubsub/py_pubsub.egg-info/requires.txt
[1.736s] writing top-level names to ../../build/py_pubsub/py_pubsub.egg-info/top_level.txt
[1.742s] reading manifest file '../../build/py_pubsub/py_pubsub.egg-info/SOURCES.txt'
[1.743s] adding license file 'LICENSE'
[1.745s] writing manifest file '../../build/py_pubsub/py_pubsub.egg-info/SOURCES.txt'
[1.746s] running build
[1.746s] running build_py
[1.751s] running install
[1.751s] running install_lib
[1.754s] running install_data
[1.754s] running install_egg_info
[1.757s] removing '/home/jack/Documents/TM-Optimized/ros2_ws/install/py_pubsub/lib/python3.10/site-packages/py_pubsub-0.0.0-py3.10.egg-info' (and everything under it)
[1.759s] Copying ../../build/py_pubsub/py_pubsub.egg-info to /home/jack/Documents/TM-Optimized/ros2_ws/install/py_pubsub/lib/python3.10/site-packages/py_pubsub-0.0.0-py3.10.egg-info
[1.764s] running install_scripts
[1.797s] Installing listener script to /home/jack/Documents/TM-Optimized/ros2_ws/install/py_pubsub/lib/py_pubsub
[1.797s] Installing talker script to /home/jack/Documents/TM-Optimized/ros2_ws/install/py_pubsub/lib/py_pubsub
[1.798s] writing list of installed files to '/home/jack/Documents/TM-Optimized/ros2_ws/build/py_pubsub/install.log'
[1.834s] Invoked command in '/home/jack/Documents/TM-Optimized/ros2_ws/src/py_pubsub' returned '0': PYTHONPATH=/home/jack/Documents/TM-Optimized/ros2_ws/build/py_pubsub/prefix_override:/usr/lib/python3/dist-packages/colcon_core/task/python/colcon_distutils_commands:/home/jack/Documents/TM-Optimized/ros2_ws/install/py_pubsub/lib/python3.10/site-packages:${PYTHONPATH} /usr/bin/python3 -W ignore:setup.py install is deprecated -W ignore:easy_install command is deprecated setup.py egg_info --egg-base ../../build/py_pubsub build --build-base /home/jack/Documents/TM-Optimized/ros2_ws/build/py_pubsub/build install --record /home/jack/Documents/TM-Optimized/ros2_ws/build/py_pubsub/install.log --single-version-externally-managed install_data
